This is pdfTeX, Version 3.1415926-1.40.11 (TeX Live 2010) (format=pdflatex 2014.8.20)  3 APR 2015 08:06
entering extended mode
 restricted \write18 enabled.
 %&-line parsing enabled.
**report.tex
(./report.tex
LaTeX2e <2009/09/24>
Babel <v3.8l> and hyphenation patterns for english, dumylang, nohyphenation, ge
rman-x-2009-06-19, ngerman-x-2009-06-19, ancientgreek, ibycus, arabic, armenian
, basque, bulgarian, catalan, pinyin, coptic, croatian, czech, danish, dutch, u
kenglish, usenglishmax, esperanto, estonian, farsi, finnish, french, galician, 
german, ngerman, swissgerman, monogreek, greek, hungarian, icelandic, assamese,
 bengali, gujarati, hindi, kannada, malayalam, marathi, oriya, panjabi, tamil, 
telugu, indonesian, interlingua, irish, italian, kurmanji, lao, latin, latvian,
 lithuanian, mongolian, mongolianlmc, bokmal, nynorsk, polish, portuguese, roma
nian, russian, sanskrit, serbian, slovak, slovenian, spanish, swedish, turkish,
 turkmen, ukrainian, uppersorbian, welsh, loaded.
(/usr/local/texlive/2010/texmf-dist/tex/latex/base/article.cls
Document Class: article 2007/10/19 v1.4h Standard LaTeX document class
(/usr/local/texlive/2010/texmf-dist/tex/latex/base/size12.clo
File: size12.clo 2007/10/19 v1.4h Standard LaTeX file (size option)
)
\c@part=\count79
\c@section=\count80
\c@subsection=\count81
\c@subsubsection=\count82
\c@paragraph=\count83
\c@subparagraph=\count84
\c@figure=\count85
\c@table=\count86
\abovecaptionskip=\skip41
\belowcaptionskip=\skip42
\bibindent=\dimen102
)
(/usr/local/texlive/2010/texmf-dist/tex/latex/graphics/graphicx.sty
Package: graphicx 1999/02/16 v1.0f Enhanced LaTeX Graphics (DPC,SPQR)

(/usr/local/texlive/2010/texmf-dist/tex/latex/graphics/keyval.sty
Package: keyval 1999/03/16 v1.13 key=value parser (DPC)
\KV@toks@=\toks14
)
(/usr/local/texlive/2010/texmf-dist/tex/latex/graphics/graphics.sty
Package: graphics 2009/02/05 v1.0o Standard LaTeX Graphics (DPC,SPQR)

(/usr/local/texlive/2010/texmf-dist/tex/latex/graphics/trig.sty
Package: trig 1999/03/16 v1.09 sin cos tan (DPC)
)
(/usr/local/texlive/2010/texmf-dist/tex/latex/latexconfig/graphics.cfg
File: graphics.cfg 2010/04/23 v1.9 graphics configuration of TeX Live
)
Package graphics Info: Driver file: pdftex.def on input line 91.

(/usr/local/texlive/2010/texmf-dist/tex/latex/pdftex-def/pdftex.def
File: pdftex.def 2010/02/14 v0.04n Graphics/color for pdfTeX
\Gread@gobject=\count87
))
\Gin@req@height=\dimen103
\Gin@req@width=\dimen104
)
(/usr/local/texlive/2010/texmf-dist/tex/latex/fancyhdr/fancyhdr.sty
\fancy@headwidth=\skip43
\f@ncyO@elh=\skip44
\f@ncyO@erh=\skip45
\f@ncyO@olh=\skip46
\f@ncyO@orh=\skip47
\f@ncyO@elf=\skip48
\f@ncyO@erf=\skip49
\f@ncyO@olf=\skip50
\f@ncyO@orf=\skip51
)
(/usr/local/texlive/2010/texmf-dist/tex/latex/biblatex/biblatex.sty
Package: biblatex 2010/03/19 v0.9a programmable bibliographies

(/usr/local/texlive/2010/texmf-dist/tex/latex/etoolbox/etoolbox.sty
Package: etoolbox 2010/04/10 v1.9 e-TeX tools for LaTeX

(/usr/local/texlive/2010/texmf-dist/tex/latex/etex-pkg/etex.sty
Package: etex 1998/03/26 v2.0 eTeX basic definition package (PEB)
\et@xins=\count88
)
\etb@tempcnta=\count89
)
(/usr/local/texlive/2010/texmf-dist/tex/latex/base/ifthen.sty
Package: ifthen 2001/05/26 v1.1c Standard LaTeX ifthen package (DPC)
)
(/usr/local/texlive/2010/texmf-dist/tex/latex/url/url.sty
\Urlmuskip=\muskip10
Package: url 2006/04/12  ver 3.3  Verb mode for urls, etc.
)
\c@listtotal=\count90
\c@listcount=\count91
\c@liststart=\count92
\c@liststop=\count93
\c@citecount=\count94
\c@citetotal=\count95
\c@multicitecount=\count96
\c@multicitetotal=\count97
\c@instcount=\count98
\c@maxnames=\count99
\c@minnames=\count100
\c@maxitems=\count101
\c@minitems=\count102
\c@uniquename=\count103
\c@refsection=\count104
\c@refsegment=\count105
\c@maxextrayear=\count106
\c@maxextraalpha=\count107
\c@abbrvpenalty=\count108
\c@highnamepenalty=\count109
\c@lownamepenalty=\count110
\c@maxparens=\count111
\c@parenlevel=\count112
\blx@tempcnta=\count113
\blx@tempcntb=\count114
\blx@maxsection=\count115
\blx@maxsegment=\count116
\blx@notetype=\count117
\blx@parenlevel@text=\count118
\blx@parenlevel@foot=\count119
\labelnumberwidth=\skip52
\labelalphawidth=\skip53
\shorthandwidth=\skip54
\biblabelsep=\skip55
\bibitemsep=\skip56
\bibnamesep=\skip57
\bibinitsep=\skip58
\bibparsep=\skip59
\bibhang=\skip60
\blx@auxin=\read1
\blx@auxout=\write3
\c@labelname=\count120
\c@author=\count121
\c@shortauthor=\count122
\c@editor=\count123
\c@editora=\count124
\c@editorb=\count125
\c@editorc=\count126
\c@shorteditor=\count127
\c@bookauthor=\count128
\c@translator=\count129
\c@annotator=\count130
\c@commentator=\count131
\c@introduction=\count132
\c@foreword=\count133
\c@afterword=\count134
\c@holder=\count135
\c@namea=\count136
\c@nameb=\count137
\c@namec=\count138
\c@institution=\count139
\c@language=\count140
\c@location=\count141
\c@organization=\count142
\c@origlocation=\count143
\c@origpublisher=\count144
\c@pageref=\count145
\c@publisher=\count146
\c@lista=\count147
\c@listb=\count148
\c@listc=\count149
\c@listd=\count150
\c@liste=\count151
\c@listf=\count152

(/usr/local/texlive/2010/texmf-dist/tex/latex/biblatex/blx-compat.def
File: blx-compat.def 2010/03/19 v0.9a biblatex generic compatibility
)
(/usr/local/texlive/2010/texmf-dist/tex/latex/biblatex/biblatex.def
File: biblatex.def 2010/03/19 v0.9a biblatex generic definitions
\c@smartand=\count153
)
Package biblatex Info: Trying to load bibliography style 'numeric'...
Package biblatex Info: ... file 'numeric.bbx' found.

(/usr/local/texlive/2010/texmf-dist/tex/latex/biblatex/bbx/numeric.bbx
File: numeric.bbx 2010/03/19 v0.9a biblatex bibliography style
Package biblatex Info: Trying to load bibliography style 'standard'...
Package biblatex Info: ... file 'standard.bbx' found.

(/usr/local/texlive/2010/texmf-dist/tex/latex/biblatex/bbx/standard.bbx
File: standard.bbx 2010/03/19 v0.9a biblatex bibliography style
))
Package biblatex Info: Trying to load citation style 'numeric'...
Package biblatex Info: ... file 'numeric.cbx' found.

(/usr/local/texlive/2010/texmf-dist/tex/latex/biblatex/cbx/numeric.cbx
File: numeric.cbx 2010/03/19 v0.9a biblatex citation style
Package biblatex Info: Redefining '\cite'.
Package biblatex Info: Redefining '\parencite'.
Package biblatex Info: Redefining '\footcite'.
Package biblatex Info: Redefining '\footcitetext'.
Package biblatex Info: Redefining '\textcite'.
Package biblatex Info: Redefining '\supercite'.
Package biblatex Info: Redefining '\cites'.
Package biblatex Info: Redefining '\parencites'.
)
Package biblatex Info: Trying to load configuration file...
Package biblatex Info: ... file 'biblatex.cfg' found.

(/usr/local/texlive/2010/texmf-dist/tex/latex/biblatex/biblatex.cfg
File: biblatex.cfg 
))
(/usr/local/texlive/2010/texmf-dist/tex/latex/rotating/rotating.sty
Package: rotating 2009/03/28 v2.16a rotated objects in LaTeX
\c@r@tfl@t=\count154
\rotFPtop=\skip61
\rotFPbot=\skip62
\rot@float@box=\box26
\rot@mess@toks=\toks15
)
(/usr/local/texlive/2010/texmf-dist/tex/latex/xcolor/xcolor.sty
Package: xcolor 2007/01/21 v2.11 LaTeX color extensions (UK)

(/usr/local/texlive/2010/texmf-dist/tex/latex/latexconfig/color.cfg
File: color.cfg 2007/01/18 v1.5 color configuration of teTeX/TeXLive
)
Package xcolor Info: Driver file: pdftex.def on input line 225.
Package xcolor Info: Model `cmy' substituted by `cmy0' on input line 1337.
Package xcolor Info: Model `hsb' substituted by `rgb' on input line 1341.
Package xcolor Info: Model `RGB' extended on input line 1353.
Package xcolor Info: Model `HTML' substituted by `rgb' on input line 1355.
Package xcolor Info: Model `Hsb' substituted by `hsb' on input line 1356.
Package xcolor Info: Model `tHsb' substituted by `hsb' on input line 1357.
Package xcolor Info: Model `HSB' substituted by `hsb' on input line 1358.
Package xcolor Info: Model `Gray' substituted by `gray' on input line 1359.
Package xcolor Info: Model `wave' substituted by `hsb' on input line 1360.
)
(/usr/local/texlive/2010/texmf-dist/tex/latex/listings/listings.sty
\lst@mode=\count155
\lst@gtempboxa=\box27
\lst@token=\toks16
\lst@length=\count156
\lst@currlwidth=\dimen105
\lst@column=\count157
\lst@pos=\count158
\lst@lostspace=\dimen106
\lst@width=\dimen107
\lst@newlines=\count159
\lst@lineno=\count160
\lst@maxwidth=\dimen108

(/usr/local/texlive/2010/texmf-dist/tex/latex/listings/lstmisc.sty
File: lstmisc.sty 2007/02/22 1.4 (Carsten Heinz)
\c@lstnumber=\count161
\lst@skipnumbers=\count162
\lst@framebox=\box28
)
(/usr/local/texlive/2010/texmf-dist/tex/latex/listings/listings.cfg
File: listings.cfg 2007/02/22 1.4 listings configuration
))
Package: listings 2007/02/22 1.4 (Carsten Heinz)

(/usr/local/texlive/2010/texmf-dist/tex/latex/tools/indentfirst.sty
Package: indentfirst 1995/11/23 v1.03 Indent first paragraph (DPC)
)
(/usr/local/texlive/2010/texmf-dist/tex/latex/float/float.sty
Package: float 2001/11/08 v1.3d Float enhancements (AL)
\c@float@type=\count163
\float@exts=\toks17
\float@box=\box29
\@float@everytoks=\toks18
\@floatcapt=\box30
)
(/usr/local/texlive/2010/texmf-dist/tex/latex/tools/longtable.sty
Package: longtable 2004/02/01 v4.11 Multi-page Table package (DPC)
\LTleft=\skip63
\LTright=\skip64
\LTpre=\skip65
\LTpost=\skip66
\LTchunksize=\count164
\LTcapwidth=\dimen109
\LT@head=\box31
\LT@firsthead=\box32
\LT@foot=\box33
\LT@lastfoot=\box34
\LT@cols=\count165
\LT@rows=\count166
\c@LT@tables=\count167
\c@LT@chunks=\count168
\LT@p@ftn=\toks19
)
(/usr/local/texlive/2010/texmf-dist/tex/latex/geometry/geometry.sty
Package: geometry 2010/07/13 v5.5 Page Geometry

(/usr/local/texlive/2010/texmf-dist/tex/generic/oberdiek/ifpdf.sty
Package: ifpdf 2010/01/28 v2.1 Provides the ifpdf switch (HO)
Package ifpdf Info: pdfTeX in pdf mode detected.
)
(/usr/local/texlive/2010/texmf-dist/tex/generic/oberdiek/ifvtex.sty
Package: ifvtex 2010/03/01 v1.5 Switches for detecting VTeX and its modes (HO)
Package ifvtex Info: VTeX not detected.
)
\Gm@cnth=\count169
\Gm@cntv=\count170
\c@Gm@tempcnt=\count171
\Gm@bindingoffset=\dimen110
\Gm@wd@mp=\dimen111
\Gm@odd@mp=\dimen112
\Gm@even@mp=\dimen113
\Gm@layoutwidth=\dimen114
\Gm@layoutheight=\dimen115
\Gm@layouthoffset=\dimen116
\Gm@layoutvoffset=\dimen117
\Gm@dimlist=\toks20
)

! LaTeX Error: Option clash for package url.

See the LaTeX manual or LaTeX Companion for explanation.
Type  H <return>  for immediate help.
 ...                                              
                                                  
l.14 
     
? 
Package biblatex Info: Trying to load language 'english'...
Package biblatex Info: ... file 'english.lbx' found.
(/usr/local/texlive/2010/texmf-dist/tex/latex/biblatex/lbx/english.lbx
File: english.lbx 2010/03/19 v0.9a biblatex localization
)
\@quotelevel=\count172

(./report.aux)
\openout1 = `report.aux'.

LaTeX Font Info:    Checking defaults for OML/cmm/m/it on input line 28.
LaTeX Font Info:    ... okay on input line 28.
LaTeX Font Info:    Checking defaults for T1/cmr/m/n on input line 28.
LaTeX Font Info:    ... okay on input line 28.
LaTeX Font Info:    Checking defaults for OT1/cmr/m/n on input line 28.
LaTeX Font Info:    ... okay on input line 28.
LaTeX Font Info:    Checking defaults for OMS/cmsy/m/n on input line 28.
LaTeX Font Info:    ... okay on input line 28.
LaTeX Font Info:    Checking defaults for OMX/cmex/m/n on input line 28.
LaTeX Font Info:    ... okay on input line 28.
LaTeX Font Info:    Checking defaults for U/cmr/m/n on input line 28.
LaTeX Font Info:    ... okay on input line 28.

(/usr/local/texlive/2010/texmf-dist/tex/context/base/supp-pdf.mkii
[Loading MPS to PDF converter (version 2006.09.02).]
\scratchcounter=\count173
\scratchdimen=\dimen118
\scratchbox=\box35
\nofMPsegments=\count174
\nofMParguments=\count175
\everyMPshowfont=\toks21
\MPscratchCnt=\count176
\MPscratchDim=\dimen119
\MPnumerator=\count177
\everyMPtoPDFconversion=\toks22
) (/usr/local/texlive/2010/texmf-dist/tex/generic/oberdiek/pdftexcmds.sty
Package: pdftexcmds 2010/04/01 v0.9 Utility functions of pdfTeX for LuaTeX (HO)


(/usr/local/texlive/2010/texmf-dist/tex/generic/oberdiek/infwarerr.sty
Package: infwarerr 2010/04/08 v1.3 Providing info/warning/message (HO)
)
(/usr/local/texlive/2010/texmf-dist/tex/generic/oberdiek/ifluatex.sty
Package: ifluatex 2010/03/01 v1.3 Provides the ifluatex switch (HO)
Package ifluatex Info: LuaTeX not detected.
)
(/usr/local/texlive/2010/texmf-dist/tex/generic/oberdiek/ltxcmds.sty
Package: ltxcmds 2010/04/26 v1.7 LaTeX kernel commands for general use (HO)
)
Package pdftexcmds Info: LuaTeX not detected.
Package pdftexcmds Info: \pdf@primitive is available.
Package pdftexcmds Info: \pdf@ifprimitive is available.
)
(/usr/local/texlive/2010/texmf-dist/tex/latex/oberdiek/epstopdf-base.sty
Package: epstopdf-base 2010/02/09 v2.5 Base part for package epstopdf

(/usr/local/texlive/2010/texmf-dist/tex/latex/oberdiek/grfext.sty
Package: grfext 2007/09/30 v1.0 Managing graphics extensions (HO)
)
(/usr/local/texlive/2010/texmf-dist/tex/latex/oberdiek/kvoptions.sty
Package: kvoptions 2010/02/22 v3.7 Keyval support for LaTeX options (HO)

(/usr/local/texlive/2010/texmf-dist/tex/generic/oberdiek/kvsetkeys.sty
Package: kvsetkeys 2010/03/01 v1.9 Key value parser (HO)

(/usr/local/texlive/2010/texmf-dist/tex/generic/oberdiek/etexcmds.sty
Package: etexcmds 2010/01/28 v1.3 Prefix for e-TeX command names (HO)
Package etexcmds Info: Could not find \expanded.
(etexcmds)             That can mean that you are not using pdfTeX 1.50 or
(etexcmds)             that some package has redefined \expanded.
(etexcmds)             In the latter case, load this package earlier.
)))
Package grfext Info: Graphics extension search list:
(grfext)             [.png,.pdf,.jpg,.mps,.jpeg,.jbig2,.jb2,.PNG,.PDF,.JPG,.JPE
G,.JBIG2,.JB2,.eps]
(grfext)             \AppendGraphicsExtensions on input line 436.

(/usr/local/texlive/2010/texmf-dist/tex/latex/latexconfig/epstopdf-sys.cfg
File: epstopdf-sys.cfg 2010/07/13 v1.3 Configuration of (r)epstopdf for TeX Liv
e
))
\openout3 = `report-blx.bib'.

Package biblatex Info: Trying to load bibliographic data...
Package biblatex Info: ... file 'report.bbl' found.

(./report.bbl)
Package biblatex Info: Reference section=0 on input line 28.
Package biblatex Info: Reference segment=0 on input line 28.
\c@lstlisting=\count178

*geometry* driver: auto-detecting
*geometry* detected driver: pdftex
*geometry* verbose mode - [ preamble ] result:
* driver: pdftex
* paper: <default>
* layout: <same size as paper>
* layoutoffset:(h,v)=(0.0pt,0.0pt)
* modes: 
* h-part:(L,W,R)=(72.26999pt, 469.75502pt, 72.26999pt)
* v-part:(T,H,B)=(72.26999pt, 650.43001pt, 72.26999pt)
* \paperwidth=614.295pt
* \paperheight=794.96999pt
* \textwidth=469.75502pt
* \textheight=650.43001pt
* \oddsidemargin=0.0pt
* \evensidemargin=0.0pt
* \topmargin=-37.0pt
* \headheight=12.0pt
* \headsep=25.0pt
* \topskip=12.0pt
* \footskip=30.0pt
* \marginparwidth=44.0pt
* \marginparsep=10.0pt
* \columnsep=10.0pt
* \skip\footins=10.8pt plus 4.0pt minus 2.0pt
* \hoffset=0.0pt
* \voffset=0.0pt
* \mag=1000
* \@twocolumnfalse
* \@twosidefalse
* \@mparswitchfalse
* \@reversemarginfalse
* (1in=72.27pt=25.4mm, 1cm=28.453pt)

LaTeX Font Info:    External font `cmex10' loaded for size
(Font)              <14.4> on input line 30.
LaTeX Font Info:    External font `cmex10' loaded for size
(Font)              <7> on input line 30.
Missing character: There is no Ã in font cmr12!
Missing character: There is no ¼ in font cmr12!
(/usr/local/texlive/2010/texmf-dist/tex/latex/listings/lstlang1.sty
File: lstlang1.sty 2004/09/05 1.3 listings language file
)
(/usr/local/texlive/2010/texmf-dist/tex/latex/listings/lstlang1.sty
File: lstlang1.sty 2004/09/05 1.3 listings language file
)
Underfull \hbox (badness 10000) in paragraph at lines 40--41

 []

LaTeX Font Info:    Font shape `OT1/cmtt/bx/n' in size <12> not available
(Font)              Font shape `OT1/cmtt/m/n' tried instead on input line 42.
[1

{/usr/local/texlive/2010/texmf-var/fonts/map/pdftex/updmap/pdftex.map}]
(/usr/local/texlive/2010/texmf-dist/tex/latex/listings/lstlang1.sty
File: lstlang1.sty 2004/09/05 1.3 listings language file
)
Missing character: There is no ï in font cmtt12!
Missing character: There is no ¿ in font cmtt12!
Missing character: There is no ½ in font cmtt12!
Missing character: There is no ï in font cmtt12!
Missing character: There is no ¿ in font cmtt12!
Missing character: There is no ½ in font cmtt12!
Missing character: There is no ï in font cmtt12!
Missing character: There is no ¿ in font cmtt12!
Missing character: There is no ½ in font cmtt12!
Missing character: There is no ï in font cmtt12!
Missing character: There is no ¿ in font cmtt12!
Missing character: There is no ½ in font cmtt12!

Overfull \hbox (34.12938pt too wide) in paragraph at lines 71--72
[][][][][][][][][][][][][][][][][][][][] 
 []


Overfull \hbox (26.71931pt too wide) in paragraph at lines 74--75
[][][][][][][][][][][][][][][][][] 
 []


Overfull \hbox (26.71931pt too wide) in paragraph at lines 75--76
[][][][][][][][][][][][][][][][][] 
 []

Missing character: There is no ï in font cmtt12!
Missing character: There is no ¿ in font cmtt12!
Missing character: There is no ½ in font cmtt12!

Overfull \hbox (26.71931pt too wide) in paragraph at lines 84--85
[][][][][][][][][][][][][][][][][] 
 []


Overfull \hbox (26.71931pt too wide) in paragraph at lines 85--86
[][][][][][][][][][][][][][][][][] 
 []

Missing character: There is no ï in font cmtt12!
Missing character: There is no ¿ in font cmtt12!
Missing character: There is no ½ in font cmtt12!

Overfull \hbox (26.71931pt too wide) in paragraph at lines 93--94
[][][][][][][][][][][][][][][][][] 
 []


Overfull \hbox (26.71931pt too wide) in paragraph at lines 94--95
[][][][][][][][][][][][][][][][][] 
 []

[2]
Overfull \hbox (26.71931pt too wide) in paragraph at lines 102--103
[][][][][][][][][][][][][][][][][] 
 []


Overfull \hbox (26.71931pt too wide) in paragraph at lines 103--104
[][][][][][][][][][][][][][][][][] 
 []

LaTeX Font Info:    External font `cmex10' loaded for size
(Font)              <12> on input line 118.
LaTeX Font Info:    External font `cmex10' loaded for size
(Font)              <8> on input line 118.
LaTeX Font Info:    External font `cmex10' loaded for size
(Font)              <6> on input line 118.

Overfull \hbox (34.42023pt too wide) in paragraph at lines 120--124
\OT1/cmtt/m/n/12 http : / / rcobanus . dailyfunnypics . me / young-[]boy-[]retu
rns-[]home-[]with-[]a-[]new-[]porsche-[]this \
 []


Overfull \hbox (22.07022pt too wide) in paragraph at lines 120--124
\OT1/cmtt/m/n/12 http : / / newzcard . com / card / mBN5VP / singers-[]usher-[]
l-[]and-[]rihanna-[]arrive-[]at-[]the-[]2010 \
 []


Underfull \hbox (badness 4366) in paragraph at lines 133--138
\OT1/cmr/m/n/12 1. a lo-gin page for the New York Times $\OT1/cmtt/m/n/12 https
 : / / myaccount . nytimes . com /
 []


Underfull \hbox (badness 10000) in paragraph at lines 133--138
\OT1/cmtt/m/n/12 auth / login ? URI = http % 3A % 2F % 2Fwell . blogs . nytimes
 . com % 2F2015 % 2F01 % 2F06 %
 []


Underfull \hbox (badness 10000) in paragraph at lines 133--138
\OT1/cmtt/m/n/12 2Fjunk-[]food-[]in-[]the-[]new-[]year % 2F % 3Fpartner % 3Drss
 % 26emc % 3Drss % 26utm _ content %
 []


Underfull \hbox (badness 10000) in paragraph at lines 133--138
\OT1/cmtt/m/n/12 3Dbuffera524f % 26utm _ medium % 3Dsocial % 26utm _ source % 3
Dtwitter . com % 26utm _
 []


Underfull \hbox (badness 2035) in paragraph at lines 133--138
\OT1/cmr/m/n/12 4. an ar-ti-cle from the huff-in-g-ton-post $\OT1/cmtt/m/n/12 h
ttp : / / www . huffingtonpost . com / 2015 / 01 /
 []


Underfull \hbox (badness 10000) in paragraph at lines 133--138
\OT1/cmtt/m/n/12 30 / super-[]bowl-[]trivia _ n _ 6543044 . html ? utm _ hp _ r
ef = religion&ir = Religion&utm _
 []

[3]
Underfull \hbox (badness 10000) in paragraph at lines 147--148

 []

[4]
Underfull \hbox (badness 10000) in paragraph at lines 152--153

 []

[5] [6]
Underfull \hbox (badness 10000) in paragraph at lines 362--363

 []


Underfull \hbox (badness 10000) in paragraph at lines 367--368

 []

[7]
Missing character: There is no Â in font cmr12!
Missing character: There is no   in font cmr12!
Missing character: There is no Â in font cmr12!
Missing character: There is no   in font cmr12!
Missing character: There is no Â in font cmr12!
Missing character: There is no   in font cmr12!
Missing character: There is no Â in font cmr12!
Missing character: There is no   in font cmr12!
 <text.pdf, id=29, 505.89pt x 505.89pt>
File: text.pdf Graphic file (type pdf)
 <use text.pdf> [8]
Missing character: There is no Â in font cmr12!
Missing character: There is no   in font cmr12!
Missing character: There is no Â in font cmr12!
Missing character: There is no   in font cmr12!
Missing character: There is no Â in font cmr12!
Missing character: There is no   in font cmr12!
Missing character: There is no Â in font cmr12!
Missing character: There is no   in font cmr12!

<html.pdf, id=33, 505.89pt x 505.89pt>
File: html.pdf Graphic file (type pdf)
 <use html.pdf> [9 <./text.pdf>]
Missing character: There is no Ã in font cmr12!
Missing character: There is no ¼ in font cmr12!
 [10 <./html.pdf>] (./report.aux) ) 
Here is how much of TeX's memory you used:
 7651 strings out of 493747
 115962 string characters out of 3143546
 283933 words of memory out of 3000000
 10853 multiletter control sequences out of 15000+200000
 9318 words of font info for 33 fonts, out of 3000000 for 9000
 714 hyphenation exceptions out of 8191
 38i,7n,51p,812b,1503s stack positions out of 5000i,500n,10000p,200000b,50000s
</usr/local/texlive/2010/texmf-dist/fonts/ty
pe1/public/amsfonts/cm/cmbx12.pfb></usr/local/texlive/2010/texmf-dist/fonts/typ
e1/public/amsfonts/cm/cmcsc10.pfb></usr/local/texlive/2010/texmf-dist/fonts/typ
e1/public/amsfonts/cm/cmr12.pfb></usr/local/texlive/2010/texmf-dist/fonts/type1
/public/amsfonts/cm/cmr17.pfb></usr/local/texlive/2010/texmf-dist/fonts/type1/p
ublic/amsfonts/cm/cmti12.pfb></usr/local/texlive/2010/texmf-dist/fonts/type1/pu
blic/amsfonts/cm/cmtt12.pfb>
Output written on report.pdf (10 pages, 107181 bytes).
PDF statistics:
 75 PDF objects out of 1000 (max. 8388607)
 52 compressed objects within 1 object stream
 0 named destinations out of 1000 (max. 500000)
 11 words of extra memory for PDF output out of 10000 (max. 10000000)

